



Process.php  >>>>>>>>>>>321321>>>>>>>>>>>>> -  - 2017-04-04 18:51:04
ProcessMenu.php 	 result 	 -  - 2017-04-04 18:51:04
ProcessMenu.php 	 dev_params 	 -  - 2017-04-04 18:51:04
ProcessMenu.php 	 Tag 	 -  - 2017-04-04 18:51:04
ProcessMenu.php 	 session 	 -  - 2017-04-04 18:51:04
ProcessMenu.php 	 ani 	 -  - 2017-04-04 18:51:04
ProcessMenu.php 	 dnis 	 -  - 2017-04-04 18:51:04
ProcessMenu.php 	 callerdirection 	 -  - 2017-04-04 18:51:04
ProcessMenu.php 	 calleridname 	 -  - 2017-04-04 18:51:04
ProcessMenu.php >>>>>>>>>>>>>>>>>>>>>>>> -  - 2017-04-04 18:51:04
Return String---- 	 ProcessMenu.php 	 -{"action": "hangup","cause": "NORMAL_CLEAN","nexturl": "Hangup.php"}  - 2017-04-04 18:51:04
Process.php  >>>>>>>>>>>321321>>>>>>>>>>>>> -  - 2017-04-04 18:51:45
ProcessMenu.php 	 result 	 -  - 2017-04-04 18:51:45
ProcessMenu.php 	 dev_params 	 -  - 2017-04-04 18:51:45
ProcessMenu.php 	 Tag 	 -  - 2017-04-04 18:51:45
ProcessMenu.php 	 session 	 -  - 2017-04-04 18:51:45
ProcessMenu.php 	 ani 	 -  - 2017-04-04 18:51:45
ProcessMenu.php 	 dnis 	 -  - 2017-04-04 18:51:45
ProcessMenu.php 	 callerdirection 	 -  - 2017-04-04 18:51:45
ProcessMenu.php 	 calleridname 	 -  - 2017-04-04 18:51:45
ProcessMenu.php >>>>>>>>>>>>>>>>>>>>>>>> -  - 2017-04-04 18:51:45
Return String---- 	 ProcessMenu.php 	 -{"action": "hangup","cause": "NORMAL_CLEAN","nexturl": "Hangup.php"}  - 2017-04-04 18:51:45
Process.php  >>>>>>>>>>>321321>>>>>>>>>>>>> -  - 2017-04-04 18:51:48
ProcessMenu.php 	 result 	 -  - 2017-04-04 18:51:48
ProcessMenu.php 	 dev_params 	 -  - 2017-04-04 18:51:48
ProcessMenu.php 	 Tag 	 -  - 2017-04-04 18:51:48
ProcessMenu.php 	 session 	 -  - 2017-04-04 18:51:48
ProcessMenu.php 	 ani 	 -  - 2017-04-04 18:51:48
ProcessMenu.php 	 dnis 	 -  - 2017-04-04 18:51:48
ProcessMenu.php 	 callerdirection 	 -  - 2017-04-04 18:51:48
ProcessMenu.php 	 calleridname 	 -  - 2017-04-04 18:51:48
ProcessMenu.php >>>>>>>>>>>>>>>>>>>>>>>> -  - 2017-04-04 18:51:48
Return String---- 	 ProcessMenu.php 	 -{"action": "hangup","cause": "NORMAL_CLEAN","nexturl": "Hangup.php"}  - 2017-04-04 18:51:48
